<?xml version="1.0" encoding="UTF-8"?>
<robot generator="Robot 6.0.2 (Python 3.11.1 on win32)" generated="20230520 11:24:55.066" rpa="false" schemaversion="3">
<suite id="s1" name="Testes" source="C:\Users\Dell\OneDrive\Documentos\test\test\test-integration\testes">
<suite id="s1-s1" name="TestCases" source="C:\Users\Dell\OneDrive\Documentos\test\test\test-integration\testes\TestCases.robot">
<test id="s1-s1-t1" name="Test Setup" line="12">
<kw name="Abrir navegador" library="Resource">
<kw name="Open Browser" library="Selenium2Library">
<arg>browser=${BROWSER}</arg>
<doc>Opens a new browser instance to the optional ``url``.</doc>
<msg timestamp="20230520 11:24:55.304" level="INFO">Opening browser 'chrome' to base url 'None'.</msg>
<status status="PASS" starttime="20230520 11:24:55.304" endtime="20230520 11:24:56.402"/>
</kw>
<status status="PASS" starttime="20230520 11:24:55.304" endtime="20230520 11:24:56.402"/>
</kw>
<status status="PASS" starttime="20230520 11:24:55.304" endtime="20230520 11:24:56.403"/>
</test>
<test id="s1-s1-t2" name="Cenario 1 - Validar barra de pesquisa do Google" line="15">
<kw name="DADO que acesso o site do Google" library="busca">
<kw name="Go To" library="Selenium2Library">
<arg>${HOME_URL}</arg>
<doc>Navigates the current browser window to the provided ``url``.</doc>
<msg timestamp="20230520 11:24:56.405" level="INFO">Opening url 'https://www.google.com.br'</msg>
<status status="PASS" starttime="20230520 11:24:56.404" endtime="20230520 11:24:57.767"/>
</kw>
<kw name="Capture Page Screenshot" library="Selenium2Library">
<doc>Takes a screenshot of the current page and embeds it into a log file.</doc>
<msg timestamp="20230520 11:24:57.876" level="INFO" html="true">&lt;/td&gt;&lt;/tr&gt;&lt;tr&gt;&lt;td colspan="3"&gt;&lt;a href="selenium-screenshot-70.png"&gt;&lt;img src="selenium-screenshot-70.png" width="800px"&gt;&lt;/a&gt;</msg>
<status status="PASS" starttime="20230520 11:24:57.767" endtime="20230520 11:24:57.876"/>
</kw>
<status status="PASS" starttime="20230520 11:24:56.404" endtime="20230520 11:24:57.876"/>
</kw>
<kw name="QUANDO digito a palavra NTTDATA na barra de pesquisa" library="busca">
<kw name="Input Text" library="Selenium2Library">
<arg>${HOME_PESQUISA}</arg>
<arg>nttdata</arg>
<doc>Types the given ``text`` into the text field identified by ``locator``.</doc>
<msg timestamp="20230520 11:24:57.876" level="INFO">Typing text 'nttdata' into text field 'q'.</msg>
<status status="PASS" starttime="20230520 11:24:57.876" endtime="20230520 11:24:57.976"/>
</kw>
<kw name="Capture Page Screenshot" library="Selenium2Library">
<doc>Takes a screenshot of the current page and embeds it into a log file.</doc>
<msg timestamp="20230520 11:24:58.226" level="INFO" html="true">&lt;/td&gt;&lt;/tr&gt;&lt;tr&gt;&lt;td colspan="3"&gt;&lt;a href="selenium-screenshot-71.png"&gt;&lt;img src="selenium-screenshot-71.png" width="800px"&gt;&lt;/a&gt;</msg>
<status status="PASS" starttime="20230520 11:24:57.976" endtime="20230520 11:24:58.226"/>
</kw>
<kw name="Press Keys" library="Selenium2Library">
<arg>${HOME_PESQUISA}</arg>
<arg>ENTER</arg>
<doc>Simulates the user pressing key(s) to an element or on the active browser.</doc>
<msg timestamp="20230520 11:24:58.226" level="INFO">Sending key(s) ('ENTER',) to q element.</msg>
<msg timestamp="20230520 11:24:58.548" level="INFO">Pressing special key ENTER to element.</msg>
<msg timestamp="20230520 11:24:58.548" level="INFO">Releasing special key ENTER.</msg>
<status status="PASS" starttime="20230520 11:24:58.226" endtime="20230520 11:25:00.962"/>
</kw>
<kw name="Capture Page Screenshot" library="Selenium2Library">
<doc>Takes a screenshot of the current page and embeds it into a log file.</doc>
<msg timestamp="20230520 11:25:01.062" level="INFO" html="true">&lt;/td&gt;&lt;/tr&gt;&lt;tr&gt;&lt;td colspan="3"&gt;&lt;a href="selenium-screenshot-72.png"&gt;&lt;img src="selenium-screenshot-72.png" width="800px"&gt;&lt;/a&gt;</msg>
<status status="PASS" starttime="20230520 11:25:00.962" endtime="20230520 11:25:01.062"/>
</kw>
<status status="PASS" starttime="20230520 11:24:57.876" endtime="20230520 11:25:01.062"/>
</kw>
<kw name="E clico no resultado da pesquisa" library="busca">
<kw name="Click Element" library="Selenium2Library">
<arg>//h3[@class='LC20lb MBeuO DKV0Md'][contains(.,'NTT DATA: Global IT Services Provider &amp; Consultant')]</arg>
<doc>Click the element identified by ``locator``.</doc>
<msg timestamp="20230520 11:25:01.062" level="INFO">Clicking element '//h3[@class='LC20lb MBeuO DKV0Md'][contains(.,'NTT DATA: Global IT Services Provider &amp; Consultant')]'.</msg>
<status status="PASS" starttime="20230520 11:25:01.062" endtime="20230520 11:25:04.294"/>
</kw>
<status status="PASS" starttime="20230520 11:25:01.062" endtime="20230520 11:25:04.294"/>
</kw>
<kw name="ENTAO validamos que fui direcionado para a pagina da NTTDATA" library="busca">
<kw name="Title Should Be" library="Selenium2Library">
<arg>Global IT Services Provider &amp; Consultant | NTT DATA</arg>
<doc>Verifies that the current page title equals ``title``.</doc>
<msg timestamp="20230520 11:25:04.294" level="INFO">Page title is 'Global IT Services Provider &amp; Consultant | NTT DATA'.</msg>
<status status="PASS" starttime="20230520 11:25:04.294" endtime="20230520 11:25:04.294"/>
</kw>
<kw name="Capture Page Screenshot" library="Selenium2Library">
<doc>Takes a screenshot of the current page and embeds it into a log file.</doc>
<msg timestamp="20230520 11:25:04.574" level="INFO" html="true">&lt;/td&gt;&lt;/tr&gt;&lt;tr&gt;&lt;td colspan="3"&gt;&lt;a href="selenium-screenshot-73.png"&gt;&lt;img src="selenium-screenshot-73.png" width="800px"&gt;&lt;/a&gt;</msg>
<status status="PASS" starttime="20230520 11:25:04.294" endtime="20230520 11:25:04.574"/>
</kw>
<status status="PASS" starttime="20230520 11:25:04.294" endtime="20230520 11:25:04.574"/>
</kw>
<doc>Teste para validar barra de pesquisa do Google</doc>
<status status="PASS" starttime="20230520 11:24:56.403" endtime="20230520 11:25:04.575"/>
</test>
<test id="s1-s1-t3" name="Cenario 2 - Validar fluxo acesso a pagina para pesquisa de vagas disponiveis" line="24">
<kw name="DADO que cenario 1 foi executado com sucesso" library="home">
<kw name="Title Should Be" library="Selenium2Library">
<arg>Global IT Services Provider &amp; Consultant | NTT DATA</arg>
<doc>Verifies that the current page title equals ``title``.</doc>
<msg timestamp="20230520 11:25:04.583" level="INFO">Page title is 'Global IT Services Provider &amp; Consultant | NTT DATA'.</msg>
<status status="PASS" starttime="20230520 11:25:04.577" endtime="20230520 11:25:04.583"/>
</kw>
<kw name="Capture Page Screenshot" library="Selenium2Library">
<doc>Takes a screenshot of the current page and embeds it into a log file.</doc>
<msg timestamp="20230520 11:25:04.826" level="INFO" html="true">&lt;/td&gt;&lt;/tr&gt;&lt;tr&gt;&lt;td colspan="3"&gt;&lt;a href="selenium-screenshot-74.png"&gt;&lt;img src="selenium-screenshot-74.png" width="800px"&gt;&lt;/a&gt;</msg>
<status status="PASS" starttime="20230520 11:25:04.583" endtime="20230520 11:25:04.826"/>
</kw>
<status status="PASS" starttime="20230520 11:25:04.576" endtime="20230520 11:25:04.826"/>
</kw>
<kw name="QUANDO clico no menu Carreira" library="home">
<kw name="Click Element" library="Selenium2Library">
<arg>//a[contains(.,'Careers')]</arg>
<doc>Click the element identified by ``locator``.</doc>
<msg timestamp="20230520 11:25:04.826" level="INFO">Clicking element '//a[contains(.,'Careers')]'.</msg>
<status status="PASS" starttime="20230520 11:25:04.826" endtime="20230520 11:25:04.905"/>
</kw>
<kw name="Capture Page Screenshot" library="Selenium2Library">
<doc>Takes a screenshot of the current page and embeds it into a log file.</doc>
<msg timestamp="20230520 11:25:05.137" level="INFO" html="true">&lt;/td&gt;&lt;/tr&gt;&lt;tr&gt;&lt;td colspan="3"&gt;&lt;a href="selenium-screenshot-75.png"&gt;&lt;img src="selenium-screenshot-75.png" width="800px"&gt;&lt;/a&gt;</msg>
<status status="PASS" starttime="20230520 11:25:04.905" endtime="20230520 11:25:05.137"/>
</kw>
<status status="PASS" starttime="20230520 11:25:04.826" endtime="20230520 11:25:05.137"/>
</kw>
<kw name="E Job Opportunities" library="home">
<kw name="Click Element" library="Selenium2Library">
<arg>//a[contains(.,'Job opportunities')]</arg>
<doc>Click the element identified by ``locator``.</doc>
<msg timestamp="20230520 11:25:05.138" level="INFO">Clicking element '//a[contains(.,'Job opportunities')]'.</msg>
<status status="PASS" starttime="20230520 11:25:05.138" endtime="20230520 11:25:05.224"/>
</kw>
<status status="PASS" starttime="20230520 11:25:05.138" endtime="20230520 11:25:05.224"/>
</kw>
<doc>Teste para validar fluxo para visualizar vagas disponiveis</doc>
<status status="PASS" starttime="20230520 11:25:04.576" endtime="20230520 11:25:05.225"/>
</test>
<test id="s1-s1-t4" name="Cenario 3 - Validar página da listagem de vagas" line="33">
<kw name="DADO que o cenario 2 foi executados com sucesso" library="home">
<kw name="Title Should Be" library="Selenium2Library">
<arg>Jobs</arg>
<doc>Verifies that the current page title equals ``title``.</doc>
<msg timestamp="20230520 11:25:05.533" level="INFO" html="true">&lt;/td&gt;&lt;/tr&gt;&lt;tr&gt;&lt;td colspan="3"&gt;&lt;a href="selenium-screenshot-76.png"&gt;&lt;img src="selenium-screenshot-76.png" width="800px"&gt;&lt;/a&gt;</msg>
<msg timestamp="20230520 11:25:05.533" level="FAIL">Title should have been 'Jobs' but was 'Global IT Services Provider &amp; Consultant | NTT DATA'.</msg>
<status status="FAIL" starttime="20230520 11:25:05.227" endtime="20230520 11:25:05.536"/>
</kw>
<kw name="Capture Page Screenshot" library="Selenium2Library">
<doc>Takes a screenshot of the current page and embeds it into a log file.</doc>
<status status="NOT RUN" starttime="20230520 11:25:05.536" endtime="20230520 11:25:05.536"/>
</kw>
<status status="FAIL" starttime="20230520 11:25:05.227" endtime="20230520 11:25:05.537"/>
</kw>
<kw name="QUANDO insiro uma profissao no campo pesquisar" library="home">
<arg>Arquiteto</arg>
<status status="NOT RUN" starttime="20230520 11:25:05.537" endtime="20230520 11:25:05.537"/>
</kw>
<kw name="ENTAO acesso a pagina com listagem das vagas disponiveis" library="home">
<status status="NOT RUN" starttime="20230520 11:25:05.537" endtime="20230520 11:25:05.537"/>
</kw>
<doc>Teste para validar pagina de listagem de vagas</doc>
<status status="FAIL" starttime="20230520 11:25:05.226" endtime="20230520 11:25:05.538">Title should have been 'Jobs' but was 'Global IT Services Provider &amp; Consultant | NTT DATA'.</status>
</test>
<doc>Teste NTTDATA</doc>
<status status="FAIL" starttime="20230520 11:24:55.098" endtime="20230520 11:25:05.539"/>
</suite>
<status status="FAIL" starttime="20230520 11:24:55.066" endtime="20230520 11:25:05.541"/>
</suite>
<statistics>
<total>
<stat pass="3" fail="1" skip="0">All Tests</stat>
</total>
<tag>
</tag>
<suite>
<stat pass="3" fail="1" skip="0" id="s1" name="Testes">Testes</stat>
<stat pass="3" fail="1" skip="0" id="s1-s1" name="TestCases">Testes.TestCases</stat>
</suite>
</statistics>
<errors>
</errors>
</robot>
