<?xml version="1.0" encoding="UTF-8"?>
<robot generator="Robot 6.0.2 (Python 3.11.1 on win32)" generated="20230520 09:56:36.344" rpa="false" schemaversion="3">
<suite id="s1" name="Test" source="C:\Users\Dell\OneDrive\Documentos\test">
<suite id="s1-s1" name="Test" source="C:\Users\Dell\OneDrive\Documentos\test\test">
<suite id="s1-s1-s1" name="Test-Integration" source="C:\Users\Dell\OneDrive\Documentos\test\test\test-integration">
<suite id="s1-s1-s1-s1" name="Testes" source="C:\Users\Dell\OneDrive\Documentos\test\test\test-integration\testes">
<suite id="s1-s1-s1-s1-s1" name="TestCases" source="C:\Users\Dell\OneDrive\Documentos\test\test\test-integration\testes\TestCases.robot">
<test id="s1-s1-s1-s1-s1-t1" name="Cenario 1 - Validar barra de pesquisa do Google" line="16">
<kw name="Abrir navegador" library="Resource" type="SETUP">
<kw name="Open Browser" library="Selenium2Library">
<arg>browser=${BROWSER}</arg>
<doc>Opens a new browser instance to the optional ``url``.</doc>
<msg timestamp="20230520 09:56:36.586" level="INFO">Opening browser 'chrome' to base url 'None'.</msg>
<status status="PASS" starttime="20230520 09:56:36.586" endtime="20230520 09:56:37.778"/>
</kw>
<status status="PASS" starttime="20230520 09:56:36.585" endtime="20230520 09:56:37.778"/>
</kw>
<kw name=" DADO que acesso o site do Google" library="busca">
<kw name="Go To" library="Selenium2Library">
<arg>${HOME_URL}</arg>
<doc>Navigates the current browser window to the provided ``url``.</doc>
<msg timestamp="20230520 09:56:37.779" level="INFO">Opening url 'https://www.google.com.br'</msg>
<status status="PASS" starttime="20230520 09:56:37.779" endtime="20230520 09:56:39.643"/>
</kw>
<kw name="Capture Page Screenshot" library="Selenium2Library">
<doc>Takes a screenshot of the current page and embeds it into a log file.</doc>
<msg timestamp="20230520 09:56:39.825" level="INFO" html="true">&lt;/td&gt;&lt;/tr&gt;&lt;tr&gt;&lt;td colspan="3"&gt;&lt;a href="selenium-screenshot-5.png"&gt;&lt;img src="selenium-screenshot-5.png" width="800px"&gt;&lt;/a&gt;</msg>
<status status="PASS" starttime="20230520 09:56:39.644" endtime="20230520 09:56:39.825"/>
</kw>
<status status="PASS" starttime="20230520 09:56:37.778" endtime="20230520 09:56:39.826"/>
</kw>
<kw name="QUANDO digito a palavra NTTDATA na barra de pesquisa" library="busca">
<kw name="Input Text" library="Selenium2Library">
<arg>${HOME_PESQUISA}</arg>
<arg>NTTDATA</arg>
<arg>click</arg>
<doc>Types the given ``text`` into the text field identified by ``locator``.</doc>
<msg timestamp="20230520 09:56:39.828" level="INFO">Typing text 'NTTDATA' into text field 'q'.</msg>
<status status="PASS" starttime="20230520 09:56:39.827" endtime="20230520 09:56:39.923"/>
</kw>
<kw name="Capture Page Screenshot" library="Selenium2Library">
<doc>Takes a screenshot of the current page and embeds it into a log file.</doc>
<msg timestamp="20230520 09:56:40.105" level="INFO" html="true">&lt;/td&gt;&lt;/tr&gt;&lt;tr&gt;&lt;td colspan="3"&gt;&lt;a href="selenium-screenshot-6.png"&gt;&lt;img src="selenium-screenshot-6.png" width="800px"&gt;&lt;/a&gt;</msg>
<status status="PASS" starttime="20230520 09:56:39.923" endtime="20230520 09:56:40.105"/>
</kw>
<status status="PASS" starttime="20230520 09:56:39.827" endtime="20230520 09:56:40.106"/>
</kw>
<kw name="ENTAO validamos que a pagina apresente o resultado da pesquisa" library="busca">
<kw name="Wait Until Element Is Visible" library="Selenium2Library">
<arg>//h3[@class='LC20lb MBeuO DKV0Md'][contains(.,'NTT DATA: Global IT Services Provider &amp; Consultant')]</arg>
<doc>Waits until the element ``locator`` is visible.</doc>
<msg timestamp="20230520 09:56:45.465" level="INFO" html="true">&lt;/td&gt;&lt;/tr&gt;&lt;tr&gt;&lt;td colspan="3"&gt;&lt;a href="selenium-screenshot-7.png"&gt;&lt;img src="selenium-screenshot-7.png" width="800px"&gt;&lt;/a&gt;</msg>
<msg timestamp="20230520 09:56:45.466" level="FAIL">Element '//h3[@class='LC20lb MBeuO DKV0Md'][contains(.,'NTT DATA: Global IT Services Provider &amp; Consultant')]' not visible after 5 seconds.</msg>
<status status="FAIL" starttime="20230520 09:56:40.109" endtime="20230520 09:56:45.468"/>
</kw>
<kw name="Capture Page Screenshot" library="Selenium2Library">
<doc>Takes a screenshot of the current page and embeds it into a log file.</doc>
<status status="NOT RUN" starttime="20230520 09:56:45.469" endtime="20230520 09:56:45.469"/>
</kw>
<status status="FAIL" starttime="20230520 09:56:40.108" endtime="20230520 09:56:45.469"/>
</kw>
<kw name="Fechar navegador" library="Resource" type="TEARDOWN">
<kw name="Close Browser" library="Selenium2Library">
<doc>Closes the current browser.</doc>
<status status="PASS" starttime="20230520 09:56:45.472" endtime="20230520 09:56:47.597"/>
</kw>
<status status="PASS" starttime="20230520 09:56:45.471" endtime="20230520 09:56:47.598"/>
</kw>
<doc>Teste para validar barra de pesquisa do Google</doc>
<status status="FAIL" starttime="20230520 09:56:36.584" endtime="20230520 09:56:47.599">Element '//h3[@class='LC20lb MBeuO DKV0Md'][contains(.,'NTT DATA: Global IT Services Provider &amp; Consultant')]' not visible after 5 seconds.</status>
</test>
<doc>Teste NTTDATA</doc>
<status status="FAIL" starttime="20230520 09:56:36.398" endtime="20230520 09:56:47.603"/>
</suite>
<status status="FAIL" starttime="20230520 09:56:36.394" endtime="20230520 09:56:47.607"/>
</suite>
<status status="FAIL" starttime="20230520 09:56:36.390" endtime="20230520 09:56:47.611"/>
</suite>
<status status="FAIL" starttime="20230520 09:56:36.386" endtime="20230520 09:56:47.613"/>
</suite>
<status status="FAIL" starttime="20230520 09:56:36.349" endtime="20230520 09:56:47.616"/>
</suite>
<statistics>
<total>
<stat pass="0" fail="1" skip="0">All Tests</stat>
</total>
<tag>
</tag>
<suite>
<stat pass="0" fail="1" skip="0" id="s1" name="Test">Test</stat>
<stat pass="0" fail="1" skip="0" id="s1-s1" name="Test">Test.Test</stat>
<stat pass="0" fail="1" skip="0" id="s1-s1-s1" name="Test-Integration">Test.Test.Test-Integration</stat>
<stat pass="0" fail="1" skip="0" id="s1-s1-s1-s1" name="Testes">Test.Test.Test-Integration.Testes</stat>
<stat pass="0" fail="1" skip="0" id="s1-s1-s1-s1-s1" name="TestCases">Test.Test.Test-Integration.Testes.TestCases</stat>
</suite>
</statistics>
<errors>
</errors>
</robot>
